2021-11-03 22:57:27黑弦之梦复旦突出一个扣
2021-11-03 22:58:11黑弦之梦宇宙中心不是五道口吗
2021-11-03 22:58:32黑弦之梦是不是粮食有点不合适
2021-11-03 22:59:57River400分上针推开个吸猫馆 把李白李逵送去打工
2021-11-03 23:00:32黑弦之梦哈哈哈南哥线下自闭吗？
2021-11-03 23:01:41笙刮淡子2 1
2021-11-04 06:54:38River400分上针推d
2021-11-04 08:03:12尘劳永梏开工
2021-11-04 14:07:58River400分上针推开干
2021-11-04 15:00:48River400分上针推问渠哪得清如许？渠说：你先管好你自己
2021-11-15 23:03:55尘劳永梏南哥一米九
2021-11-15 23:05:31River400分上针推南哥怎么有点二新疆口音
2021-11-15 23:05:53尘劳永梏（反正你又不考光华
2021-11-15 23:05:56尘劳永梏哈哈哈
2021-11-15 23:06:29River400分上针推南哥考试那两天化妆吗hhhhh
2021-11-15 23:07:25River400分上针推好的 那我不化了
2021-11-16 07:43:56River400分上针推  早
2021-11-16 07:54:06尘劳永梏哇 好哥哥还真7点半来了啊哈哈
2021-11-16 08:35:46王企鹅啊啊啊早啊
2021-11-16 13:36:44尘劳永梏开工开工
2021-11-15 23:31:01一只黄笔Oking咸鱼翻身
2021-11-15 23:52:33小幽ww哈哈哈
2021-11-15 23:59:17芋泥剁椒鱼波波哈哈哈哈
2021-11-16 00:18:42山兔反野迷路下落不明2333
2021-11-16 00:27:57一只黄笔Oking2333
2021-11-16 00:29:08一只黄笔Oking泪目
2021-11-16 00:42:31一只黄笔Oking雀食
2021-11-16 01:04:11一只黄笔Oking白白
2021-11-16 16:17:54一只黄笔Oking打扰了
2021-11-16 16:27:50山兔反野迷路下落不明2333
2021-11-15 21:12:38橙雨信子都是那个妖孽
2021-11-16 15:49:42T0T0Z昨天看了个5es+突破的  学不来 
2021-11-16 15:49:45T0T0Z太吓人
2021-11-16 16:24:03T0T0Z就身法都？
2021-11-16 16:24:08T0T0Z？？？？
2021-11-16 16:24:15T0T0Z这就运气吗
2021-11-16 16:39:11是栖枝撒好马
2021-11-16 16:39:19是栖枝撒建议重开
2021-11-16 16:49:28是栖枝撒熊熊，这么多人都想刀你既视感
2021-11-16 16:56:21T0T0Z咋还练上枪了
2021-11-16 16:33:42狸狸mokno丢人
2021-11-16 16:36:13小关家的黄酒哥嗯，刚到
2021-11-16 16:36:39小关家的黄酒哥好的，不急
2021-11-16 16:49:23墨凛幻羽2333
2021-11-16 16:55:35墨凛幻羽好卡啊
2021-11-16 16:55:46墨凛幻羽玉环
2021-11-16 16:55:57墨凛幻羽玉环
2021-11-16 16:57:39墨凛幻羽嘤嘤嘤我要看你玩杨玉环
2021-11-16 16:58:26墨凛幻羽不爱你了
2021-11-16 16:58:36墨凛幻羽没爱了
2021-11-16 17:00:35墨凛幻羽船翻了
2021-11-16 17:00:44墨凛幻羽没爱了
2021-11-16 17:01:01墨凛幻羽狗小关
2021-11-16 17:01:04小关家的黄酒哥48星上车干嘛呢，冲101星吗
2021-11-16 17:01:41墨凛幻羽( '-' )ノ)`-' )
2021-11-16 17:01:55小关家的黄酒哥不先出陨星了吗
2021-11-16 17:02:26墨凛幻羽( '-' )ノ)`-' )
2021-11-16 17:03:12小关家的黄酒哥行行
2021-11-16 17:04:19墨凛幻羽2333
2021-11-16 17:07:13小关家的黄酒哥明白
2021-11-16 17:08:33小关家的黄酒哥大打野刀确实性价比比破军好
2021-11-16 17:08:59小关家的黄酒哥破军有点拖
2021-11-16 17:10:41正经伍弎看氵了
2021-11-16 17:11:36墨凛幻羽｢(ﾟﾍﾟ)
2021-11-16 17:12:07墨凛幻羽给你刷凉凉
2021-11-16 17:12:14墨凛幻羽略略略略略
2021-11-16 17:12:42小关家的黄酒哥这凯确实不行啊
2021-11-16 17:14:04墨凛幻羽我常翻
2021-11-16 17:14:09墨凛幻羽泪目
2021-11-16 01:05:40sZaaaZs打美服？
2021-11-16 01:09:38胡桃给你一嘴巴基本上是吧 
2021-11-16 01:09:57胡桃给你一嘴巴凌晨5点到早晨十点是休息时间
2021-11-16 01:15:02胡桃给你一嘴巴UU北美节点都是200pin
2021-11-16 01:20:30胡桃给你一嘴巴物午夜大帅开挂的时间
2021-11-16 01:42:14胡桃给你一嘴巴内鬼炼金
2021-11-16 01:43:49胡桃给你一嘴巴你居然不要巨杀
2021-11-16 01:57:17胡桃给你一嘴巴大帅给人家结账的时候多发点
2021-11-16 01:57:53苦I瓜I下棋运营玩的好的都是因为脸黑
2021-11-16 01:58:10苦I瓜I就这
2021-11-16 17:52:54几度暖秋这不来学技术
2021-11-16 17:53:26几度暖秋这不发明家胡烂了
2021-11-16 17:54:12几度暖秋我是来学技术的 不是买u盘的
2021-11-17 02:07:37司学家阿克曼三星老司机被沙弥拉一刀砍死
2021-11-17 02:09:21司学家阿克曼沙弥拉一刀三四千血
2021-11-17 02:21:19司学家阿克曼老头换枪啊
2021-11-17 02:21:46司学家阿克曼给个姐妹比发条厉害
2021-11-17 02:24:59司学家阿克曼jj姐妹四执法
2021-11-17 02:25:32司学家阿克曼胃和jj
2021-11-17 02:28:24司学家阿克曼上剑姬和胃换老头和宝石是不是能赢
2021-11-17 02:29:34司学家阿克曼上个四执法好了 
2021-11-17 02:30:28司学家阿克曼锁住能吃维克托满大
2021-11-17 02:31:04司学家阿克曼那晚安咯
2021-11-16 22:44:36River400分上针推南哥用的是marginnote3吧
2021-11-16 22:46:56River400分上针推潘赟的九宫格好用
2021-11-16 22:51:31River400分上针推复读一年对家长也是折磨 压力还更大
2021-11-16 22:54:58River400分上针推那南哥的爸爸是不是很帅
2021-11-16 22:56:02River400分上针推秃顶传男不传女
2021-11-16 22:59:48River400分上针推这德语的r和法语的r发音一样啊
2021-11-16 23:01:25River400分上针推手机翻译软件呢
2021-11-16 23:04:38River400分上针推南哥的研究生专业还有交换机会吗
2021-11-16 23:07:44River400分上针推明儿见您嘞
2021-11-17 08:10:28尘劳永梏李白大惊
2021-11-17 10:52:42River400分上针推李白你看甚么
2021-11-17 14:09:44DothDesign2019ceshi
2021-11-17 14:09:56DothDesign2019test
2021-11-17 14:10:13DothDesign2019测
2021-11-17 14:10:58DothDesign2019房管测试
2021-11-17 14:13:27DothDesign2019hi
2021-11-17 14:13:49DothDesign2019滴瓜子~
2021-11-17 14:17:58DothDesign2019HI
2021-11-17 14:20:37DothDesign2019来测
2021-11-17 14:21:45DothDesign2019谢谢%User%赠送滴%Gift%~~~
2021-11-17 14:24:49DothDesign2019谢谢%User%赠送滴%Gift%~~~
2021-11-17 14:25:08DothDesign2019谢谢PD赠送滴舰长~~~
2021-11-17 14:25:59DothDesign2019弹幕测试
2021-11-17 15:31:01DothDesign2019谢谢PD赠送滴舰长~~~
2021-11-17 15:31:15DothDesign2019谢谢PD赠送滴33~~~
2021-11-17 15:32:08DothDesign2019谢谢PD赠送滴舰长~~~
2021-11-17 15:32:39DothDesign2019谢谢PD赠送滴123~~~
2021-11-17 15:37:26DothDesign2019 谢谢PD赠送滴舰长~~~
2021-11-17 15:38:13DothDesign2019 谢谢PD123321赠送滴123~~~
2021-11-17 15:38:38DothDesign2019公告测试
2021-11-17 15:38:41DothDesign2019公告第二行啊实打实大苏打大苏打大苏打实打
2021-11-17 15:38:43DothDesign2019实大苏打啊实打实大苏打实打实的
