2021-11-04 15:36:47 mxiaochun: 1
2021-11-04 15:37:03 DothDesign2019: 加油
2021-11-04 15:37:12 mxiaochun: 加油！
2021-11-04 15:39:17 DothDesign2019: 继续学习
2021-11-04 15:39:36 DothDesign2019: 开始学习
2021-11-04 15:39:59 DothDesign2019: 加油
2021-11-04 15:41:27 DothDesign2019: 我还能学
2021-11-04 15:45:52 你是我唯一关注女主播: 南好哥
2021-11-04 15:45:57 bili_87340957357: 加油！！！！！连同我的一份一起努力了
2021-11-04 15:53:56 DothDesign2019: 加油~
2021-11-04 15:58:57 79310754192_bili: 老婆加油
2021-11-04 16:01:40 云边的那朵花: 苦心人天不负，三千越甲可吞吴！
2021-11-04 16:29:07 张yyyyyyyy: 。
2021-11-04 16:37:25 奥丁日落: 来了
2021-11-04 16:41:54 恣睢unzealous: 我咋记得前年也看见过一直在直播
2021-11-04 16:43:16 永乐技校: 像我太太。
2021-11-04 16:43:35 啦啦啦苏格拉底: 你在想桃子
2021-11-04 16:45:21 DothDesign2019: 学习
2021-11-04 16:47:13 DothDesign2019: 再学一会
2021-11-04 16:51:24 芝士是什么芝士: 早
2021-11-04 16:57:24 DothDesign2019: 学一会
2021-11-04 17:01:08 柯少001: 我是三哥首席大弟子
2021-11-04 17:01:54 DothDesign2019: 再学一会吧
2021-11-04 17:02:15 杀鸡队大队长: 他来了他来了
2021-11-04 17:03:54 DothDesign2019: 辛苦了
2021-11-04 17:04:24 DothDesign2019: 学一会吧
2021-11-04 17:05:55 DothDesign2019: 我还能学
2021-11-04 17:07:59 DothDesign2019: 发个弹幕123
2021-11-04 17:08:04 梦想天空分外blue: 南哥我爱你
2021-11-04 17:08:22 梦想天空分外blue: 兄弟之间的ai
2021-11-16 14:59:04 李超人呐: 其实背多少遍都是数字
2021-11-16 14:59:24 李超人呐: 还是重要看扎实不
2021-11-16 14:59:48 芒果橘子皮儿: 监工没来
2021-11-16 15:00:18 epochhhh: 有的人两遍就记住有的人要五遍 次数没意义
2021-11-16 15:01:49 稀罕小花: 想看猫
2021-11-16 15:02:42 阿拉蕾的小少爷: 乖，看书去哈
2021-11-16 15:06:58 豚豚巴拉巴拉: 1
2021-11-16 15:08:03 芒果馅饺子: 11
2021-11-16 15:15:25 库兹马马马: 1111
2021-11-16 15:16:07 Homesgeorge: 咸鱼来楠哥这里偷会懒
2021-11-16 15:50:18 八胀安丶: 买了罐头，连续刷了40套卷子，我还能学
2021-11-16 15:51:38 库兹马马马: 南哥加油加油
2021-11-16 15:56:13 长安令: 我也掉头发好严重
2021-11-16 15:56:22 把不学习的通通抓起来: 有头发就不错了
2021-11-16 15:56:24 长安令: 太焦虑了
2021-11-16 15:56:44 长安令: 真羡慕南哥的发量
2021-11-16 15:56:44 把不学习的通通抓起来: 专业课真头皮发麻是背的
2021-11-16 15:57:41 张呆娅: 加一，掉头发，学一天累个半死
2021-11-16 15:58:52 梦想天空分外blue: 打卡
2021-11-16 16:01:56 月牙之塔: 掉头发+1
2021-11-16 16:03:47 DothDesign2019: 我还能学
2021-11-16 16:07:17 DothDesign2019: 要好好学
2021-11-16 16:07:44 Metamorphoses-: 1
2021-11-16 16:10:29 DothDesign2019: 加油学习
2021-11-16 16:10:41 DothDesign2019: 天天向上
2021-11-16 16:10:57 风萧萧兮蛋怪凉: 哈哈哈，南哥这棉服
2021-11-16 16:11:15 风萧萧兮蛋怪凉: 我觉得是南嫂的
2021-11-16 16:24:07 芒果橘子皮儿: 南哥，你困了
2021-11-16 16:24:31 阿拉蕾的小少爷: 琦玉老师不会掉头发
2021-11-16 16:30:56 用户LOVEeeeee120: 好困 困飞了 冬季好乏啊
2021-11-16 16:33:02 無名惪少女: 明明睡的不少 还觉得困和头痛
2021-11-16 16:35:25 白魁魁: 南嫂是谁啊
2021-11-16 16:37:31 绵绵不绵绵: 就是南哥的老婆呀
2021-11-16 16:38:21 阿拉蕾的小少爷: 南哥还没结婚吧？
2021-11-16 16:42:20 长安令: 南哥都有两个孩子了
2021-11-16 16:42:32 长安令: 叫李白和李逵
2021-11-16 16:45:39 吃炸鸡的时起的名字: 哈哈哈确实确实
2021-11-16 16:46:23 DothDesign2019: 好好学习
2021-11-16 16:47:26 DothDesign2019: 再学一会
2021-11-16 16:48:33 DothDesign2019: 加油
2021-11-16 16:50:31 丢了五级号的倒霉蛋子: 加油！我去上个厕所！
2021-11-16 16:51:02 DothDesign2019: 休息一会
2021-11-16 16:52:46 DothDesign2019: 继续学呗
2021-11-16 16:52:57 DothDesign2019: 开始学习
2021-11-16 16:49:08 西敏寺的晨星: 哪来的老歌
2021-11-16 16:49:55 帅比无印: 瑞文急了
2021-11-16 16:51:34 帅比无印: 卡牌这个皮肤建模好大一个
2021-11-16 16:52:08 周周的猫叫周一: 换扫描和眼的时机有什么说法吗
2021-11-16 16:52:22 是团子大人喔: 老奶奶踩高跷逛街
2021-11-16 16:52:42 不要呆呆地看着我哦: 这是高跷了∠( ᐛ 」∠)＿
2021-11-16 16:52:51 帅比无印: 看资源和自家视野
2021-11-16 16:53:26 K-O-J-I: 蛋总螳螂还能玩吗
2021-11-16 16:54:07 墨云伞仙: 剪刀腿yyds
2021-11-16 16:54:21 周周的猫叫周一: 一并超
2021-11-16 16:55:17 帅比无印: 螳螂大招能喝骨女一样无缝用就好了
2021-11-16 16:55:39 自由式滑手呱呱: 青钢影的大能闪现或者位移出去吗？？
2021-11-16 16:55:46 K-O-J-I: 不能
2021-11-16 16:55:48 自由式滑手呱呱: 没玩过问一下
2021-11-16 16:55:50 西敏寺的晨星: 不能
2021-11-16 16:55:52 摩爷pants: 出不去
2021-11-16 16:55:55 长巷隐归客: 净化
2021-11-16 16:37:17 空白熊不想当dd了: 建议练10分钟，我就来了
2021-11-16 16:39:11 是栖枝撒: 好马
2021-11-16 16:39:19 是栖枝撒: 建议重开
2021-11-16 16:42:59 空白熊不想当dd了: 鸨哥，你的预瞄怎么肥事，害得我多吃了好几大口
2021-11-16 16:44:43 空白熊不想当dd了: 住手啊鸨哥，我已经吃饱了！
2021-11-16 16:47:04 空白熊不想当dd了: 怎么办？我白银你问我？
2021-11-16 16:49:28 是栖枝撒: 熊熊，这么多人都想刀你既视感
2021-11-16 16:53:28 亦尘x: 鸨哥，信我不，转60给我，我给你整个天空之翼出来哈哈
2021-11-16 16:54:50 亦尘x: 哈哈哈哈
2021-11-16 16:56:21 T0T0Z: 咋还练上枪了
2021-11-16 16:56:57 亦尘x: 不止是今天
2021-11-16 16:57:55 旧物Chen: 哈哈居然记得我
2021-11-16 16:58:32 亦尘x: 鸨哥记得每一个想要给她上舰的兄弟哈哈
2021-11-16 16:58:58 旧物Chen: 2333
2021-11-16 16:53:13 EdwardYamato: 对面有甄姬，带个庄周啊
2021-11-16 16:55:01 玲珑骰子小精灵: 好家伙
2021-11-16 16:55:35 墨凛幻羽: 好卡啊
2021-11-16 16:55:46 墨凛幻羽: 玉环
2021-11-16 16:55:57 墨凛幻羽: 玉环
2021-11-16 16:57:20 玲珑骰子小精灵: 玩云樱吧
2021-11-16 16:57:39 墨凛幻羽: 嘤嘤嘤我要看你玩杨玉环
2021-11-16 16:58:26 墨凛幻羽: 不爱你了
2021-11-16 16:58:36 墨凛幻羽: 没爱了
2021-11-16 16:58:45 大宝yoyo: 48星能上车吗
2021-11-16 17:00:35 墨凛幻羽: 船翻了
2021-11-16 17:00:44 墨凛幻羽: 没爱了
2021-11-16 17:01:01 墨凛幻羽: 狗小关
2021-11-16 17:01:04 小关家的黄酒哥: 48星上车干嘛呢，冲101星吗
2021-11-16 17:01:41 墨凛幻羽: ( '-' )ノ)`-' )
2021-11-16 17:01:55 小关家的黄酒哥: 不先出陨星了吗
2021-11-16 17:02:26 墨凛幻羽: ( '-' )ノ)`-' )
2021-11-16 17:03:12 小关家的黄酒哥: 行行
2021-11-16 17:04:19 墨凛幻羽: 2333
2021-11-16 17:12:00 康伦dizzy: 笑死
2021-11-16 17:12:07 墨凛幻羽: 给你刷凉凉
2021-11-16 17:12:14 墨凛幻羽: 略略略略略
2021-11-16 17:12:42 小关家的黄酒哥: 这凯确实不行啊
2021-11-16 17:13:03 康伦dizzy: 这把别翻车了
2021-11-16 17:13:36 EdwardYamato: 看把别人吓得
2021-11-16 17:13:37 大宝yoyo: 下饭
2021-11-16 17:14:04 墨凛幻羽: 我常翻
2021-11-16 17:14:09 墨凛幻羽: 泪目
2021-11-16 17:14:19 康伦dizzy: 刚刚都说你不行
2021-11-16 17:15:27 是果唯鸭: 有点帅的
2021-11-16 17:15:22 模糊了双眼丶: 天天都是大嘴。。给打吐了
2021-11-16 17:15:49 雪无痕kverss: 我昨天三星发条三星萨勒芬妮没打赢盖伦大嘴
2021-11-16 17:15:58 花啄韭菜: 法师刺客转打大嘴
2021-11-16 17:16:01 依然の眷恋: 炼金过载斗士怎么样 
2021-11-16 17:16:03 DreamFrog: 发明不上9就很弱，怎么上9就很难
2021-11-16 17:16:15 花啄韭菜: 我也是天天都有好多大嘴
2021-11-16 17:16:41 花啄韭菜: 确实该削
2021-11-16 17:17:06 模糊了双眼丶: 不削没法玩了。多的时候六家大嘴
2021-11-16 17:17:06 花啄韭菜: 六格斗在大嘴面前就像纸一样
2021-11-16 17:17:26 DreamFrog: 开局三发明加之心我都不考虑
2021-11-16 17:39:41 大海呀就是浪: 森林变异吗
2021-11-16 17:40:57 Z___ZZ: 芜湖
2021-11-16 17:41:02 chito404: 圣杯给了吧
2021-11-16 17:41:54 刹那永恒花园: 这把变异效果是啥
2021-11-16 17:42:31 MR千狩: 什么变异枪强啊
2021-11-16 17:42:48 化大隐于市: 没巨杀根本不能打
2021-11-16 17:43:13 我真的只会催更啊: 巨杀大嘴
2021-11-16 17:43:15 化大隐于市: 巨杀大嘴yyds
2021-11-16 17:43:32 小萌忻: 反甲要去打吧
2021-11-16 17:43:40 小萌忻: 轻语
2021-11-16 17:44:26 小萌忻: 永森加反甲轻语应该打不动
2021-11-16 17:44:39 依然の眷恋: 别人直播间 不可能的 我们只看大帅直播
2021-11-16 17:44:42 小萌忻: 巨杀也难打
2021-11-16 17:44:42 我想一个人静静啊: 什么时候第一波平衡上线？
2021-11-16 17:44:58 依然の眷恋: 23333
2021-11-16 17:45:29 我想一个人静静啊: 天下苦大嘴萨米拉已久
2021-11-16 17:45:30 令狐十二-r7: 言出法随
2021-11-16 17:46:10 今天就是晴天ian: 主播 赏金螃蟹要啥装备
2021-11-16 17:46:19 小萌忻: 等等九人口没杰斯
2021-11-16 17:46:58 一支削鱼刀: 大嘴什么时候削
2021-11-16 17:47:35 小萌忻: 艾克打工真的强
2021-11-16 17:47:42 抗压吧务団队1: 发明家强吗
2021-11-16 17:47:48 DothDesign2019: 好的
2021-11-16 17:48:06 地狱无情的menghan: 艾克和小丑谁打工厉害？
2021-11-16 17:48:09 化大隐于市: 同行
2021-11-16 17:48:33 南弓月: 来个大嘴治治主播这嚣张的嘴脸
2021-11-16 17:48:38 yiizi_: 七发明加森林幻象加修复的发明家确实强
2021-11-16 17:48:46 千万不要再熬夜了: 发明家要2星5费c
2021-11-16 17:48:56 模糊了双眼丶: 有那个香炉更是强到变态
2021-11-16 17:49:01 抗压吧务団队1: 杰斯那么遥远
2021-11-16 17:49:10 千万不要再熬夜了: 但是前期容易连胜吖
2021-11-16 17:49:46 小萌忻: 连胜稳了
2021-11-16 17:49:54 该账号已被诅咒: 主播这个52年认真的吗
2021-11-16 17:50:36 斜阳慕影: 大帅可以自己给自己开总督清空时常
2021-11-16 17:50:43 小萌忻: edg夺冠的总督呢
2021-11-16 17:51:22 慕凡君の: ⁽⁽ଘ( ˙꒳˙ )ଓ⁾⁾
2021-11-16 17:51:28 弃疾呀: 如果每个人都能发一个装备拆卸器就好了
2021-11-16 17:53:13 小萌忻: 吃了
2021-11-16 17:53:20 小萌忻: 投了吧
2021-11-16 17:53:26 几度暖秋: 这不发明家胡烂了
2021-11-16 17:53:28 阿pi不想努力了: 胡透了啊
2021-11-16 17:53:31 -半衾梦_: 好家伙，神装召唤大头
2021-11-16 17:53:36 鹤_崽儿: 等杰斯
2021-11-16 17:53:37 MR千狩: 这就5发明了有点离谱啊
2021-11-16 17:53:46 一支削鱼刀: 杰斯这把给爷藏好咯
2021-11-16 17:53:49 HatanoKokoroPE: 小胡
2021-11-16 17:53:50 千万不要再熬夜了: 拿肉装了这下
2021-11-16 17:54:12 几度暖秋: 我是来学技术的 不是买u盘的
2021-11-16 17:54:16 小萌忻: 天胡了
2021-11-16 17:54:30 小萌忻: 九人口没杰斯
2021-11-16 17:54:40 鹤_崽儿: 大帅这样说就要开了，我赌7人口白嫖杰斯
2021-11-16 17:54:47 卯沢: 昨天过十二点的舰长呢
2021-11-17 02:29:59 顿困君: 四执法只能说有可能吧
2021-11-17 02:30:14 顿困君: 上不上都不好说
2021-11-17 02:30:28 司学家阿克曼: 锁住能吃维克托满大
2021-11-17 02:30:33 顿困君: 关键拉克丝启动太快了
2021-11-17 02:31:01 顿困君: 我就说卡特带离子火花没
2021-11-17 02:31:03 钵钵猪0w0: 要是我就让维克托踩名流，时光换拉克丝
2021-11-17 02:31:04 司学家阿克曼: 那晚安咯
2021-11-17 02:31:10 龙姑娘的值月生卡姐: 晚安
2021-11-17 02:31:23 顿困君: 卡特离子火花更好连胜
2021-11-17 02:31:27 顿困君: 晚安
2021-11-17 09:15:41 Doctor_Do: dd
2021-11-17 09:16:15 罗寶珠: 李白~李逵咧
2021-11-17 09:16:46 你有猫吗给我看看: 好家伙，李逵居然在凳子上
2021-11-17 09:22:59 不要说话阿迅: 又睡过了
2021-11-17 09:27:04 奥丁日落: 1
2021-11-17 09:33:15 奥勒留Aurelius: 一天能复习8个小时就算不错了 
2021-11-17 09:33:45 奥勒留Aurelius: 早点起来 晚点起来不影响的
2021-11-17 09:33:54 爱吃百香guo: 1
2021-11-17 09:36:06 刺刀上带着思想: 打卡
2021-11-17 09:36:44 哈秞haiuo: 好羡慕那只正在睡觉的李白
2021-11-17 09:43:49 Metamorphoses-: 1
2021-11-17 09:49:39 云边的那朵花: ，、
2021-11-17 09:50:52 达芬奇睿: 1
2021-11-17 09:51:04 张yyyyyyyy: 。
2021-11-17 09:53:21 DothDesign2019: 好好学习
2021-11-17 09:54:02 DothDesign2019: DayDayUp
2021-11-17 09:57:34 DothDesign2019: 加油
2021-11-17 09:58:46 DothDesign2019: 再学一会吧
2021-11-17 09:58:48 嘿嘿嘿123502: (=・ω・=)
2021-11-17 09:58:50 请穿好你的裤子: 1
2021-11-17 10:00:00 DothDesign2019: 天气冷请继续加油
2021-11-17 10:00:15 你是我唯一关注女主播: 昨天cos李白 今天cos李逵吗
2021-11-17 10:01:05 嘿嘿嘿123502: 黑南哥(=・ω・=)
2021-11-17 10:01:25 DothDesign2019: 努力学习
2021-11-17 10:07:40 缘来是安安: ╮(￣▽￣)╭
2021-11-17 10:07:47 DothDesign2019: 加油啦
2021-11-17 10:10:38 山长水远路何知: 冲冲冲冲冲冲
2021-11-17 10:12:29 bili_22838065117: 政治小程序拼团有无
2021-11-17 10:19:24 速溶星星: 李逵和靠枕融为一体
2021-11-17 10:20:07 偷阿紫: 李逵成功伪装在南哥身上
2021-11-17 10:21:05 我爱学习564: 李白无时无刻都在睡觉
2021-11-17 10:21:15 DothDesign2019: 开始学习
2021-11-17 10:29:26 KDS星辰: 打卡
2021-11-17 10:29:36 长安令: 李逵在哪呢
2021-11-17 10:30:56 阿拉蕾的小少爷: 早晨起不来，我是个five
2021-11-17 10:35:05 用户LOVEeeeee120: 搞下我拉垮的线代
2021-11-17 10:41:37 Jamesniceone: 李白又在睡
2021-11-17 10:45:20 咖啡君1: 单词是真的记不住啊
2021-11-17 10:48:19 StarryLQ: 大家！有没有什么小程序能刷肖八选择题？
2021-11-17 10:52:29 Cakengiii: 李白醒来有点懵
2021-11-17 10:52:29 我就是面条: 自己开发一个赚钱，创业了，考什么研
2021-11-17 10:52:42 River400分上针推: 李白你看甚么
2021-11-17 10:53:21 DothDesign2019: 加油学习
2021-11-17 10:56:10 月眠桃山: 我用的政治刷刷刷 小程序
2021-11-17 10:56:12 DothDesign2019: 再学一会
2021-11-17 10:56:37 DothDesign2019: 加油吧
2021-11-17 10:57:51 DothDesign2019: 再专心一下
2021-11-17 10:59:40 DothDesign2019: 天气蛮冷的辛苦了
2021-11-17 11:00:08 哈秞haiuo: 南方？
2021-11-17 11:04:37 耍花枪猛肝专业课: 1
2021-11-17 11:07:24 小贝没有壳: 我感觉你写字好快
2021-11-17 11:10:28 清风拂袖听蝉鸣: 学习
2021-11-17 11:13:38 sz579: 监工李白真的太可爱了 太尽职了
2021-11-17 11:15:55 长安令: 李白居然醒了
2021-11-17 11:16:33 Starrynightya: 李白好愣登哈哈哈
2021-11-17 11:16:35 倩倩紙q: 突然意识到自己是监工 不能睡
2021-11-17 11:18:35 虾鱼儿er: 李白你个憨憨
2021-11-17 11:19:21 虾鱼儿er: 这体型一看就是只打野不抓人
2021-11-17 11:19:45 偷阿紫: 哈哈哈
2021-11-17 11:22:22 芒果奶优: 它在看我
2021-11-17 11:24:19 你是我唯一关注女主播: 南哥用啥耳机哪位可知道?
2021-11-17 11:24:39 你是我唯一关注女主播: 有什么便宜点的主动降噪耳机推荐吗？
2021-11-17 11:24:49 偷阿紫: 华为
2021-11-17 11:27:21 晚间云中星: 猫好可爱
2021-11-17 11:27:41 地瓜宋: 那是猪，不是猫
2021-11-17 11:34:27 学恩: 1
2021-11-17 11:34:33 DothDesign2019: go
2021-11-17 11:35:21 DothDesign2019: 加油学习
2021-11-17 11:37:52 哈秞haiuo: 李白睡了一早上，太羡慕了
2021-11-17 12:26:44 DothDesign2019: 公告测试
2021-11-17 12:26:51 DothDesign2019: 公告测试
2021-11-17 12:26:54 DothDesign2019: 公告第二行
2021-11-17 12:27:27 DothDesign2019: 现在是2021-11-17 12:27:
2021-11-17 12:27:28 DothDesign2019: 27
2021-11-17 12:33:08 DothDesign2019: 公告测试
2021-11-17 12:33:11 DothDesign2019: 公告第二行
2021-11-17 13:43:41 DothDesign2019: 公告测试
2021-11-17 13:43:44 DothDesign2019: 公告第二行
2021-11-17 13:47:55 DothDesign2019: 谢谢枫泾吴彦祖赠送的1个辣条~
2021-11-17 14:04:25 DothDesign2019: 测试
2021-11-17 14:04:37 DothDesign2019: test
2021-11-17 14:05:00 DothDesign2019: 1231232
2021-11-17 14:06:43 DothDesign2019: test
2021-11-17 14:07:04 DothDesign2019: ce
2021-11-17 14:08:32 DothDesign2019: hi
2021-11-17 14:09:44 DothDesign2019: ceshi
2021-11-17 14:09:56 DothDesign2019: test
2021-11-17 14:10:13 DothDesign2019: 测
2021-11-17 14:10:58 DothDesign2019: 房管测试
2021-11-17 14:13:27 DothDesign2019: hi
2021-11-17 14:13:49 DothDesign2019: 滴瓜子~
2021-11-17 14:17:58 DothDesign2019: HI
2021-11-17 14:20:37 DothDesign2019: 来测
2021-11-17 14:21:45 DothDesign2019: 谢谢%User%赠送滴%Gift%~~~
2021-11-17 14:24:49 DothDesign2019: 谢谢%User%赠送滴%Gift%~~~
2021-11-17 14:25:08 DothDesign2019: 谢谢PD赠送滴舰长~~~
2021-11-17 14:25:59 DothDesign2019: 弹幕测试
2021-11-17 15:31:01 DothDesign2019: 谢谢PD赠送滴舰长~~~
2021-11-17 15:31:15 DothDesign2019: 谢谢PD赠送滴33~~~
2021-11-17 15:32:08 DothDesign2019: 谢谢PD赠送滴舰长~~~
2021-11-17 15:32:39 DothDesign2019: 谢谢PD赠送滴123~~~
